{"level":"error","message":"Sun Oct 31 2021 01:12:39 GMT+0700 (Western Indonesia Time)-{\"name\":\"Data Not found\",\"statusCode\":{},\"isOperational\":true}","private":true}
{"level":"error","message":"Sun Oct 31 2021 11:39:23 GMT+0700 (Western Indonesia Time)-{}","private":true}
{"level":"error","message":"Sun Oct 31 2021 11:42:16 GMT+0700 (Western Indonesia Time)-{\"name\":\"Data Not found\",\"statusCode\":{},\"isOperational\":true}","private":true}
{"level":"error","message":"Sun Oct 31 2021 11:52:40 GMT+0700 (Western Indonesia Time)-{\"name\":\"Data Not found\",\"statusCode\":{},\"isOperational\":true}","private":true}
{"level":"error","message":"Sun Oct 31 2021 11:52:57 GMT+0700 (Western Indonesia Time)-{\"name\":\"Data Not found\",\"statusCode\":{},\"isOperational\":true}","private":true}
{"level":"error","message":"Sun Oct 31 2021 11:53:50 GMT+0700 (Western Indonesia Time)-{\"name\":\"Data Not found\",\"statusCode\":{},\"isOperational\":true}","private":true}
{"level":"error","message":"Sun Oct 31 2021 12:09:11 GMT+0700 (Western Indonesia Time)-{\"name\":\"Data Not found\",\"statusCode\":500,\"isOperational\":true}","private":true}
{"level":"error","message":"Sun Oct 31 2021 12:09:21 GMT+0700 (Western Indonesia Time)-{\"name\":\"Data Not found\",\"statusCode\":500,\"isOperational\":true}","private":true}
{"level":"error","message":"Sun Oct 31 2021 12:09:21 GMT+0700 (Western Indonesia Time)-{\"name\":\"Data Not found\",\"statusCode\":500,\"isOperational\":true}","private":true}
{"level":"error","message":"Sun Oct 31 2021 12:09:26 GMT+0700 (Western Indonesia Time)-{\"name\":\"Data Not found\",\"statusCode\":500,\"isOperational\":true}","private":true}
{"level":"error","message":"Sun Oct 31 2021 12:09:26 GMT+0700 (Western Indonesia Time)-{\"name\":\"Data Not found\",\"statusCode\":500,\"isOperational\":true}","private":true}
{"level":"error","message":"Sun Oct 31 2021 12:12:55 GMT+0700 (Western Indonesia Time)-{}","private":true}
{"level":"error","message":"Sun Oct 31 2021 12:14:45 GMT+0700 (Western Indonesia Time)-{}","private":true}
{"level":"error","message":"Sun Oct 31 2021 12:16:53 GMT+0700 (Western Indonesia Time)-{}","private":true}
{"level":"error","message":"Sun Oct 31 2021 12:18:25 GMT+0700 (Western Indonesia Time)-{}","private":true}
{"level":"error","message":"Sun Oct 31 2021 12:18:37 GMT+0700 (Western Indonesia Time)-{}","private":true}
{"level":"error","message":"Sun Oct 31 2021 12:19:02 GMT+0700 (Western Indonesia Time)-{}","private":true}
{"level":"error","message":"Sun Oct 31 2021 12:21:12 GMT+0700 (Western Indonesia Time)-{}","private":true}
{"level":"error","message":"Sun Oct 31 2021 12:22:53 GMT+0700 (Western Indonesia Time)-{}","private":true}
{"level":"error","message":"Sun Oct 31 2021 12:30:40 GMT+0700 (Western Indonesia Time)-{}","private":true}
{"level":"error","message":"Sun Oct 31 2021 12:31:12 GMT+0700 (Western Indonesia Time)-{}","private":true}
{"level":"error","message":"Sun Oct 31 2021 12:33:09 GMT+0700 (Western Indonesia Time)-{}","private":true}
{"level":"error","message":"Sun Oct 31 2021 12:41:58 GMT+0700 (Western Indonesia Time)-{\"expose\":true,\"statusCode\":400,\"status\":400,\"body\":\"{\\n\\t\\\"email\\\": \\\"natha1232n3@gmail.com\\\",\\n\\t\\\"password\\\": \\\"tesn123233\\\",\\n\\t\\\"phone\\\": 012334343\\n}\",\"type\":\"entity.parse.failed\"}","private":true}
{"level":"error","message":"Sun Oct 31 2021 12:43:30 GMT+0700 (Western Indonesia Time)-{\"expose\":true,\"statusCode\":400,\"status\":400,\"body\":\"{\\n\\t\\\"email\\\": \\\"natha1232n3@gmail.com\\\",\\n\\t\\\"password\\\": \\\"tesn123233\\\",\\n\\t\\\"phone\\\": 012334343\\n}\",\"type\":\"entity.parse.failed\"}","private":true}
{"level":"error","message":"Sun Oct 31 2021 12:43:52 GMT+0700 (Western Indonesia Time)-{\"expose\":true,\"statusCode\":400,\"status\":400,\"body\":\"{\\n\\t\\\"email\\\": \\\"natha1232n3@gmail.com\\\",\\n\\t\\\"password\\\": \\\"tesn123233\\\",\\n\\t\\\"phone\\\": 012334343\\n}\",\"type\":\"entity.parse.failed\"}","private":true}
{"level":"error","message":"Sun Oct 31 2021 12:43:53 GMT+0700 (Western Indonesia Time)-{\"expose\":true,\"statusCode\":400,\"status\":400,\"body\":\"{\\n\\t\\\"email\\\": \\\"natha1232n3@gmail.com\\\",\\n\\t\\\"password\\\": \\\"tesn123233\\\",\\n\\t\\\"phone\\\": 012334343\\n}\",\"type\":\"entity.parse.failed\"}","private":true}
{"level":"error","message":"Sun Oct 31 2021 12:45:41 GMT+0700 (Western Indonesia Time)-{\"expose\":true,\"statusCode\":400,\"status\":400,\"body\":\"{\\n\\t\\\"email\\\": \\\"natha1232n3@gmail.com\\\",\\n\\t\\\"password\\\": \\\"tesn123233\\\",\\n\\t\\\"phone\\\": 012334343\\n}\",\"type\":\"entity.parse.failed\"}","private":true}
{"level":"error","message":"Sun Oct 31 2021 12:50:28 GMT+0700 (Western Indonesia Time)-{\"expose\":true,\"statusCode\":400,\"status\":400,\"body\":\"{\\n\\t\\\"email\\\": \\\"natha1232n3@gmail.com\\\",\\n\\t\\\"password\\\": \\\"tesn123233\\\",\\n\\t\\\"phone\\\": 123847312reer\\n}\",\"type\":\"entity.parse.failed\"}","private":true}
{"level":"error","message":"Sun Oct 31 2021 12:56:34 GMT+0700 (Western Indonesia Time)-{}","private":true}
{"level":"error","message":"Sun Oct 31 2021 12:56:49 GMT+0700 (Western Indonesia Time)-{}","private":true}
{"level":"error","message":"Sun Oct 31 2021 12:57:14 GMT+0700 (Western Indonesia Time)-{}","private":true}
{"level":"error","message":"Sun Oct 31 2021 12:57:54 GMT+0700 (Western Indonesia Time)-{}","private":true}
{"level":"error","message":"Sun Oct 31 2021 12:58:07 GMT+0700 (Western Indonesia Time)-{}","private":true}
{"level":"error","message":"Sun Oct 31 2021 14:17:44 GMT+0700 (Western Indonesia Time)-{\"expose\":true,\"statusCode\":400,\"status\":400,\"body\":\"{\\n\\t\\\"email\\\": \\\"dsdfsddffdfdsdsfdf@gmail.com\\\",\\n}\",\"type\":\"entity.parse.failed\"}","private":true}
{"level":"error","message":"Sun Oct 31 2021 14:20:08 GMT+0700 (Western Indonesia Time)-{\"name\":\"Data Not found\",\"statusCode\":{},\"isOperational\":true}","private":true}
{"level":"error","message":"Sun Oct 31 2021 14:21:56 GMT+0700 (Western Indonesia Time)-{\"name\":\"Data Not found\",\"statusCode\":{},\"isOperational\":true}","private":true}
{"level":"error","message":"Sun Oct 31 2021 14:25:04 GMT+0700 (Western Indonesia Time)-{\"name\":\"Data Not found\",\"statusCode\":{},\"isOperational\":true}","private":true}
{"level":"error","message":"Sun Oct 31 2021 14:31:09 GMT+0700 (Western Indonesia Time)-{\"name\":\"Data Not found\",\"statusCode\":{},\"isOperational\":true}","private":true}
{"level":"error","message":"Sun Oct 31 2021 14:31:59 GMT+0700 (Western Indonesia Time)-{\"name\":\"Data Not found\",\"statusCode\":{},\"isOperational\":true}","private":true}
{"level":"error","message":"Sun Oct 31 2021 14:35:44 GMT+0700 (Western Indonesia Time)-{}","private":true}
{"level":"error","message":"Sun Oct 31 2021 14:37:53 GMT+0700 (Western Indonesia Time)-{\"name\":\"Data Not found\",\"statusCode\":{},\"isOperational\":true}","private":true}
{"level":"error","message":"Sun Oct 31 2021 14:48:47 GMT+0700 (Western Indonesia Time)-{\"name\":\"Data Not found\",\"statusCode\":{},\"isOperational\":true}","private":true}
{"level":"error","message":"Sun Oct 31 2021 14:50:59 GMT+0700 (Western Indonesia Time)-{\"name\":\"Data Not found\",\"statusCode\":{},\"isOperational\":true}","private":true}
{"level":"error","message":"Sun Oct 31 2021 15:05:50 GMT+0700 (Western Indonesia Time)-{}","private":true}
{"level":"error","message":"Sun Oct 31 2021 15:07:23 GMT+0700 (Western Indonesia Time)-{}","private":true}
{"level":"error","message":"Sun Oct 31 2021 15:08:31 GMT+0700 (Western Indonesia Time)-{}","private":true}
{"level":"error","message":"Sun Oct 31 2021 15:08:43 GMT+0700 (Western Indonesia Time)-{}","private":true}
{"level":"error","message":"Sun Oct 31 2021 15:09:37 GMT+0700 (Western Indonesia Time)-{}","private":true}
{"level":"error","message":"Sun Oct 31 2021 15:11:58 GMT+0700 (Western Indonesia Time)-{}","private":true}
{"level":"error","message":"Sun Oct 31 2021 15:12:09 GMT+0700 (Western Indonesia Time)-{}","private":true}
{"level":"error","message":"Sun Oct 31 2021 15:12:18 GMT+0700 (Western Indonesia Time)-{}","private":true}
{"level":"error","message":"Sun Oct 31 2021 15:13:18 GMT+0700 (Western Indonesia Time)-{}","private":true}
{"level":"error","message":"Sun Oct 31 2021 15:13:49 GMT+0700 (Western Indonesia Time)-{\"name\":\"Data Not found\",\"statusCode\":{},\"isOperational\":true}","private":true}
{"level":"error","message":"Sun Oct 31 2021 15:14:28 GMT+0700 (Western Indonesia Time)-{\"name\":\"Data Not found\",\"statusCode\":{},\"isOperational\":true}","private":true}
{"level":"error","message":"Sun Oct 31 2021 15:16:55 GMT+0700 (Western Indonesia Time)-{\"name\":\"Data Not found\",\"statusCode\":{},\"isOperational\":true}","private":true}
{"level":"error","message":"Sun Oct 31 2021 15:17:10 GMT+0700 (Western Indonesia Time)-{\"name\":\"Data Not found\",\"statusCode\":{},\"isOperational\":true}","private":true}
{"level":"error","message":"Sun Oct 31 2021 15:20:14 GMT+0700 (Western Indonesia Time)-{\"name\":\"Data Not found\",\"statusCode\":{},\"isOperational\":true}","private":true}
{"level":"error","message":"Sun Oct 31 2021 15:20:43 GMT+0700 (Western Indonesia Time)-{\"name\":\"Data Not found\",\"statusCode\":{},\"isOperational\":true}","private":true}
{"level":"error","message":"Sun Oct 31 2021 15:20:49 GMT+0700 (Western Indonesia Time)-{\"name\":\"Data Not found\",\"statusCode\":{},\"isOperational\":true}","private":true}
{"level":"error","message":"Sun Oct 31 2021 15:24:56 GMT+0700 (Western Indonesia Time)-{}","private":true}
{"level":"error","message":"Sun Oct 31 2021 15:25:04 GMT+0700 (Western Indonesia Time)-{}","private":true}
{"level":"error","message":"Sun Oct 31 2021 15:26:56 GMT+0700 (Western Indonesia Time)-{}","private":true}
{"level":"error","message":"Sun Oct 31 2021 15:27:12 GMT+0700 (Western Indonesia Time)-{}","private":true}
{"level":"error","message":"Sun Oct 31 2021 15:29:10 GMT+0700 (Western Indonesia Time)-{}","private":true}
{"level":"error","message":"Sun Oct 31 2021 15:29:26 GMT+0700 (Western Indonesia Time)-{}","private":true}
{"level":"error","message":"Sun Oct 31 2021 15:31:10 GMT+0700 (Western Indonesia Time)-{}","private":true}
{"level":"error","message":"Sun Oct 31 2021 15:31:17 GMT+0700 (Western Indonesia Time)-{}","private":true}
{"level":"error","message":"Sun Oct 31 2021 15:33:54 GMT+0700 (Western Indonesia Time)-{}","private":true}
{"level":"error","message":"Sun Oct 31 2021 15:34:51 GMT+0700 (Western Indonesia Time)-{}","private":true}
{"level":"error","message":"Sun Oct 31 2021 15:35:05 GMT+0700 (Western Indonesia Time)-{}","private":true}
{"level":"error","message":"Sun Oct 31 2021 15:37:22 GMT+0700 (Western Indonesia Time)-{}","private":true}
{"level":"error","message":"Sun Oct 31 2021 15:38:13 GMT+0700 (Western Indonesia Time)-{}","private":true}
{"level":"error","message":"Sun Oct 31 2021 15:40:06 GMT+0700 (Western Indonesia Time)-{}","private":true}
{"level":"error","message":"Sun Oct 31 2021 15:41:33 GMT+0700 (Western Indonesia Time)-{}","private":true}
{"level":"error","message":"Sun Oct 31 2021 15:42:00 GMT+0700 (Western Indonesia Time)-{}","private":true}
